<?xml version="1.0" encoding="UTF-8" ?>
<testsuite errors="0" failures="1" hostname="matilda.local" name="de.lamosoft.bosstest.FunctionCallsTest" skipped="0" tests="1" time="0.026" timestamp="2020-07-15T19:41:17">
  <properties>
[...]
</properties>
  <testcase classname="de.lamosoft.bosstest.FunctionCallsTest" name="testSomeSimpleCalls" time="0.004">
    <failure message="First test fails" type="junit.framework.AssertionFailedError">junit.framework.AssertionFailedError: First test fails
	at de.lamosoft.bosstest.FunctionCallsTest.testSomeSimpleCalls(FunctionCallsTest.java:14)
</failure>
  </testcase>
  <system-out><![CDATA[]]></system-out>
  <system-err><![CDATA[]]></system-err>
</testsuite>
